<?xml version="1.0" encoding="UTF-8"?>
<testng-results skipped="0" failed="0" total="1" passed="1">
  <reporter-output>
  </reporter-output>
  <suite name="Default suite" duration-ms="12941" started-at="2016-09-28T06:17:14Z" finished-at="2016-09-28T06:17:27Z">
    <groups>
    </groups>
    <test name="Default test" duration-ms="12941" started-at="2016-09-28T06:17:14Z" finished-at="2016-09-28T06:17:27Z">
      <class name="tests.BaseTest">
        <test-method status="PASS" signature="beforeTest()[pri:0, instance:tests.BaseTest@754ba872]" name="beforeTest" is-config="true" duration-ms="8" started-at="2016-09-28T00:17:14Z" finished-at="2016-09-28T00:17:14Z">
          <reporter-output>
          </reporter-output>
        </test-method> <!-- beforeTest -->
        <test-method status="PASS" signature="beforeClass()[pri:0, instance:tests.BaseTest@754ba872]" name="beforeClass" is-config="true" duration-ms="1" started-at="2016-09-28T00:17:14Z" finished-at="2016-09-28T00:17:14Z">
          <reporter-output>
          </reporter-output>
        </test-method> <!-- beforeClass -->
        <test-method status="PASS" signature="setUp()[pri:0, instance:tests.BaseTest@754ba872]" name="setUp" is-config="true" duration-ms="8113" started-at="2016-09-28T00:17:14Z" finished-at="2016-09-28T00:17:22Z">
          <reporter-output>
          </reporter-output>
        </test-method> <!-- setUp -->
        <test-method status="PASS" signature="testSuccessfulLogin()[pri:0, instance:tests.BaseTest@754ba872]" name="testSuccessfulLogin" duration-ms="3799" started-at="2016-09-28T00:17:22Z" finished-at="2016-09-28T00:17:26Z">
          <reporter-output>
          </reporter-output>
        </test-method> <!-- testSuccessfulLogin -->
        <test-method status="PASS" signature="afterMethod()[pri:0, instance:tests.BaseTest@754ba872]" name="afterMethod" is-config="true" duration-ms="1003" started-at="2016-09-28T00:17:26Z" finished-at="2016-09-28T00:17:27Z">
          <reporter-output>
          </reporter-output>
        </test-method> <!-- afterMethod -->
        <test-method status="PASS" signature="afterClass()[pri:0, instance:tests.BaseTest@754ba872]" name="afterClass" is-config="true" duration-ms="0" started-at="2016-09-28T00:17:27Z" finished-at="2016-09-28T00:17:27Z">
          <reporter-output>
          </reporter-output>
        </test-method> <!-- afterClass -->
        <test-method status="PASS" signature="afterTest()[pri:0, instance:tests.BaseTest@754ba872]" name="afterTest" is-config="true" duration-ms="0" started-at="2016-09-28T00:17:27Z" finished-at="2016-09-28T00:17:27Z">
          <reporter-output>
          </reporter-output>
        </test-method> <!-- afterTest -->
      </class> <!-- tests.BaseTest -->
    </test> <!-- Default test -->
  </suite> <!-- Default suite -->
</testng-results>
